# JRE version: OpenJDK Runtime Environment (7.0_75-b13) (build 1.7.0_75-b13)
# Java VM: OpenJDK 64-Bit Server VM (24.75-b04 mixed mode linux-amd64 compressed oops)
Heap
 PSYoungGen      total 568832K, used 42586K [0x00000007d5500000, 0x00000007fab00000, 0x0000000800000000)
  eden space 525312K, 0% used [0x00000007d5500000,0x00000007d5500000,0x00000007f5600000)
  from space 43520K, 97% used [0x00000007f5600000,0x00000007f7f96bf0,0x00000007f8080000)
  to   space 43520K, 0% used [0x00000007f8080000,0x00000007f8080000,0x00000007fab00000)
 ParOldGen       total 699392K, used 8K [0x0000000780000000, 0x00000007aab00000, 0x00000007d5500000)
  object space 699392K, 0% used [0x0000000780000000,0x0000000780002000,0x00000007aab00000)
 PSPermGen       total 40448K, used 40384K [0x0000000775a00000, 0x0000000778180000, 0x0000000780000000)
  object space 40448K, 99% used [0x0000000775a00000,0x00000007781703a0,0x0000000778180000)
GC Heap History (5 events):
Event: 10.813 GC heap before
{Heap before GC invocations=1 (full 0):
 PSYoungGen      total 306176K, used 262656K [0x00000007d5500000, 0x00000007eaa80000, 0x0000000800000000)
  eden space 262656K, 100% used [0x00000007d5500000,0x00000007e5580000,0x00000007e5580000)
  from space 43520K, 0% used [0x00000007e8000000,0x00000007e8000000,0x00000007eaa80000)
  to   space 43520K, 0% used [0x00000007e5580000,0x00000007e5580000,0x00000007e8000000)
 ParOldGen       total 699392K, used 0K [0x0000000780000000, 0x00000007aab00000, 0x00000007d5500000)
  object space 699392K, 0% used [0x0000000780000000,0x0000000780000000,0x00000007aab00000)
 PSPermGen       total 28672K, used 28384K [0x0000000775a00000, 0x0000000777600000, 0x0000000780000000)
  object space 28672K, 98% used [0x0000000775a00000,0x00000007775b8088,0x0000000777600000)
Event: 10.974 GC heap after
Heap after GC invocations=1 (full 0):
 PSYoungGen      total 306176K, used 28859K [0x00000007d5500000, 0x00000007fab00000, 0x0000000800000000)
  eden space 262656K, 0% used [0x00000007d5500000,0x00000007d5500000,0x00000007e5580000)
  from space 43520K, 66% used [0x00000007e5580000,0x00000007e71aef40,0x00000007e8000000)
  to   space 43520K, 0% used [0x00000007f8080000,0x00000007f8080000,0x00000007fab00000)
 ParOldGen       total 699392K, used 8K [0x0000000780000000, 0x00000007aab00000, 0x00000007d5500000)
  object space 699392K, 0% used [0x0000000780000000,0x0000000780002000,0x00000007aab00000)
 PSPermGen       total 28672K, used 28384K [0x0000000775a00000, 0x0000000777600000, 0x0000000780000000)
  object space 28672K, 98% used [0x0000000775a00000,0x00000007775b8088,0x0000000777600000)
}
Event: 25.734 GC heap before
{Heap before GC invocations=2 (full 0):
 PSYoungGen      total 306176K, used 291515K [0x00000007d5500000, 0x00000007fab00000, 0x0000000800000000)
  eden space 262656K, 100% used [0x00000007d5500000,0x00000007e5580000,0x00000007e5580000)
  from space 43520K, 66% used [0x00000007e5580000,0x00000007e71aef40,0x00000007e8000000)
  to   space 43520K, 0% used [0x00000007f8080000,0x00000007f8080000,0x00000007fab00000)
 ParOldGen       total 699392K, used 8K [0x0000000780000000, 0x00000007aab00000, 0x00000007d5500000)
  object space 699392K, 0% used [0x0000000780000000,0x0000000780002000,0x00000007aab00000)
 PSPermGen       total 32768K, used 32518K [0x0000000775a00000, 0x0000000777a00000, 0x0000000780000000)
  object space 32768K, 99% used [0x0000000775a00000,0x00000007779c1a30,0x0000000777a00000)
Event: 25.944 GC heap after
Heap after GC invocations=2 (full 0):
 PSYoungGen      total 568832K, used 23425K [0x00000007d5500000, 0x00000007fab00000, 0x0000000800000000)
  eden space 525312K, 0% used [0x00000007d5500000,0x00000007d5500000,0x00000007f5600000)
  from space 43520K, 53% used [0x00000007f8080000,0x00000007f9760780,0x00000007fab00000)
  to   space 43520K, 0% used [0x00000007f5600000,0x00000007f5600000,0x00000007f8080000)
 ParOldGen       total 699392K, used 8K [0x0000000780000000, 0x00000007aab00000, 0x00000007d5500000)
  object space 699392K, 0% used [0x0000000780000000,0x0000000780002000,0x00000007aab00000)
 PSPermGen       total 32768K, used 32518K [0x0000000775a00000, 0x0000000777a00000, 0x0000000780000000)
  object space 32768K, 99% used [0x0000000775a00000,0x00000007779c1a30,0x0000000777a00000)
}
Event: 52.144 GC heap before
{Heap before GC invocations=3 (full 0):
 PSYoungGen      total 568832K, used 548737K [0x00000007d5500000, 0x00000007fab00000, 0x0000000800000000)
  eden space 525312K, 100% used [0x00000007d5500000,0x00000007f5600000,0x00000007f5600000)
  from space 43520K, 53% used [0x00000007f8080000,0x00000007f9760780,0x00000007fab00000)
  to   space 43520K, 0% used [0x00000007f5600000,0x00000007f5600000,0x00000007f8080000)
 ParOldGen       total 699392K, used 8K [0x0000000780000000, 0x00000007aab00000, 0x00000007d5500000)
  object space 699392K, 0% used [0x0000000780000000,0x0000000780002000,0x00000007aab00000)
 PSPermGen       total 40448K, used 40384K [0x0000000775a00000, 0x0000000778180000, 0x0000000780000000)
  object space 40448K, 99% used [0x0000000775a00000,0x00000007781703a0,0x0000000778180000)

